{"name": "test_valid_credentials_2[tomsmith-SuperSecretPassword!!]", "status": "failed", "statusDetails": {"message": "AssertionError: assert False\n +  where False = <bound method LoginPage.success_message_present of <regular.pages.login_page.LoginPage object at 0x11534ef90>>()\n +    where <bound method LoginPage.success_message_present of <regular.pages.login_page.LoginPage object at 0x11534ef90>> = <regular.pages.login_page.LoginPage object at 0x11534ef90>.success_message_present", "trace": "self = <regular.tests.test_selenium_elemental.TestLogin object at 0x115723490>, login = <regular.pages.login_page.LoginPage object at 0x11534ef90>\nname = 'tomsmith', passw = 'SuperSecretPassword!!'\n\n    @pytest.mark.parametrize(\"name, passw\", [(\"tomsmith\", \"SuperSecretPassword!\"), (\"tomsmith\", \"SuperSecretPassword!!\")])\n    def test_valid_credentials_2(self, login, name, passw):\n        login.with_(name, passw)\n>       assert login.success_message_present()\nE       assert False\nE        +  where False = <bound method LoginPage.success_message_present of <regular.pages.login_page.LoginPage object at 0x11534ef90>>()\nE        +    where <bound method LoginPage.success_message_present of <regular.pages.login_page.LoginPage object at 0x11534ef90>> = <regular.pages.login_page.LoginPage object at 0x11534ef90>.success_message_present\n\nregular/tests/test_selenium_elemental.py:19: AssertionError"}, "parameters": [{"name": "name", "value": "'tomsmith'"}, {"name": "passw", "value": "'SuperSecretPassword!!'"}], "start": 1614191954685, "stop": 1614191956613, "uuid": "b3554835-035a-4499-9ade-6c192a1ec40a", "historyId": "5da3238454497c27d3e325f975cebbcf", "testCaseId": "aeada8f6e7fcf142a4510fe1347b624e", "fullName": "regular.tests.test_selenium_elemental.TestLogin#test_valid_credentials_2", "labels": [{"name": "parentSuite", "value": "regular.tests"}, {"name": "suite", "value": "test_selenium_elemental"}, {"name": "subSuite", "value": "TestLogin"}, {"name": "host", "value": "C07ZQ0G3JYVX"}, {"name": "thread", "value": "42949-MainThread"}, {"name": "framework", "value": "pytest"}, {"name": "language", "value": "cpython3"}, {"name": "package", "value": "regular.tests.test_selenium_elemental"}]}